<?xml version="1.0" encoding="UTF-8"?>
<!-- Generated by org.testng.reporters.JUnitXMLReporter -->
<testsuite ignored="0" hostname="DESKTOP-5QPL10C" failures="0" tests="6" name="Test" time="15.828" errors="0" timestamp="2023-12-26T14:48:50 IST">
  <testcase classname="actionExample.RightClick_DoubleClickTest" name="verifyDoubleClick" time="1.528"/>
  <testcase classname="actionExample.RightClick_DoubleClickTest" name="verifyRightClick" time="0.174"/>
  <testcase classname="testNG_annotationExample.NOP_LoginTest" name="verifyLoginFeature" time="0.0"/>
  <testcase classname="testNG_annotationExample.NOP_LoginTest" name="verifyAddCustFeature" time="0.0"/>
  <testcase classname="testNG_annotationExample.NOP_LoginTest" name="verifyAppTitleFeature" time="0.0"/>
  <testcase classname="testNG_annotationExample.NOP_LoginTest" name="verifyLogoutFeature" time="0.0"/>
</testsuite> <!-- Test -->
